Mon Jan 10 18:12:58 CET 2022
Starting GRASS GIS...
Cleaning up temporary files...
Executing <g.region raster=agb2018_100m> ...
Execution of <g.region raster=agb2018_100m> finished.
Cleaning up temporary files...
Starting GRASS GIS...
Cleaning up temporary files...
Executing <r.recode --q --o input=rcl_cross output=ipcc2019_coeffs rules=/globes/USERS/GIACOMO/c_stock/bgb_processing/BGB/assign_r_coeffs.rcl> ...
Execution of <r.recode --q --o input=rcl_cross output=ipcc2019_coeffs rules=/globes/USERS/GIACOMO/c_stock/bgb_processing/BGB/assign_r_coeffs.rcl> finished.
Cleaning up temporary files...
Mon Jan 10 20:56:05 CET 2022
rcl_cross recoded with R coeffs
Starting GRASS GIS...
Cleaning up temporary files...
Executing <r.mapcalc --q --o expression=bgb2018_100m = round( agb2018_100m * ipcc2019_coeffs )> ...
Execution of <r.mapcalc --q --o expression=bgb2018_100m = round( agb2018_100m * ipcc2019_coeffs )> finished.
Cleaning up temporary files...
Below Ground Biomass computed.
Mon Jan 10 21:38:57 CET 2022
PROCEDURE COMPLETED. Script process_bgb.sh executed in 205 minutes
