Wed Sep  6 11:34:15 CEST 2023
Starting GRASS GIS...
Cleaning up temporary files...
Executing <g.mapset -c CARBON> ...
Mapset switched. Your shell continues to use the history for the old mapset
You can switch the history by commands:
history -w; history -r
/globes/USERS/GIACOMO/GRASSDATA/WGS84LL/CARBON/.bash_history;
HISTFILE=/globes/USERS/GIACOMO/GRASSDATA/WGS84LL/CARBON/.bash_history
Execution of <g.mapset -c CARBON> finished.
Cleaning up temporary files...
Starting GRASS GIS...
Cleaning up temporary files...
Executing <g.region raster=agb2020_100m> ...
Execution of <g.region raster=agb2020_100m> finished.
Cleaning up temporary files...
agb_2020.vrt imported
Starting GRASS GIS...
Cleaning up temporary files...
Executing <r.reclass --overwrite input=agb2020_100m output=agb2020_100m_rcl rules=/globes/USERS/GIACOMO/c_stock/bgb_processing/AGB/reclass_agb.rcl> ...
Execution of <r.reclass --overwrite input=agb2020_100m output=agb2020_100m_rcl rules=/globes/USERS/GIACOMO/c_stock/bgb_processing/AGB/reclass_agb.rcl> finished.
Cleaning up temporary files...
agb2020_100m reclassed
PROCEDURE COMPLETED. Script process_agb.sh executed in 0 minutes
