Thu Oct 28 14:30:07 CEST 2021
Starting GRASS GIS...
Cleaning up temporary files...
Executing <g.mapset -c /globes/USERS/GIACOMO/GRASSDATA/WGS84LL/PERMANENT/> ...
WARNING: Illegal filename
         </globes/USERS/GIACOMO/GRASSDATA/WGS84LL/PERMANENT/>. Character
         </> not allowed.
ERROR: Unable to create new mapset
       </globes/USERS/GIACOMO/GRASSDATA/WGS84LL/PERMANENT/>
Execution of <g.mapset -c /globes/USERS/GIACOMO/GRASSDATA/WGS84LL/PERMANENT/> finished.
Cleaning up temporary files...
Starting GRASS GIS...
Cleaning up temporary files...
Executing <r.external input=/spatial_data/Original_Datasets/GlobBiomass/archives/v3//agb_2018.vrt output=agb2018_100m> ...
Reading band 1 of 1...
Link to raster map <agb2018_100m> created.
Execution of <r.external input=/spatial_data/Original_Datasets/GlobBiomass/archives/v3//agb_2018.vrt output=agb2018_100m> finished.
Cleaning up temporary files...
Starting GRASS GIS...
Cleaning up temporary files...
Executing <g.region raster=agb2018_100m> ...
Execution of <g.region raster=agb2018_100m> finished.
Cleaning up temporary files...
agb_2018.vrt imported
Starting GRASS GIS...
Cleaning up temporary files...
Executing <r.reclass --overwrite input=agb2018_100m output=agb2018_100m_rcl rules=/globes/USERS/GIACOMO/c_stock/bgb_processing/AGB/agb_reclass.txt> ...
Execution of <r.reclass --overwrite input=agb2018_100m output=agb2018_100m_rcl rules=/globes/USERS/GIACOMO/c_stock/bgb_processing/AGB/agb_reclass.txt> finished.
Cleaning up temporary files...
agb_2018.vrt reclassed
PROCEDURE COMPLETED. Script reclass_agb_v2021.sh executed in 16 minutes
