Tue Nov 16 14:05:07 CET 2021
Starting GRASS GIS...
Cleaning up temporary files...
Executing <g.mapsets operation=add mapset=CONRASTERS,CATRASTERS> ...
Mapset <CONRASTERS> already in the path
Mapset <CATRASTERS> already in the path
Search path not modified
Execution of <g.mapsets operation=add mapset=CONRASTERS,CATRASTERS> finished.
Cleaning up temporary files...
Starting GRASS GIS...
Cleaning up temporary files...
Executing <./compute_dwb_lit.sh> ...
Execution of <./compute_dwb_lit.sh> finished.
Cleaning up temporary files...
Starting GRASS GIS...
Cleaning up temporary files...
Executing <r.support map=test_dwb_100m title=Dead Wood Carbon map units=Mg/ha description=Derived from AGB map> ...
ERROR: Raster map <test_dwb_100m> not found in current mapset
Execution of <r.support map=test_dwb_100m title=Dead Wood Carbon map units=Mg/ha description=Derived from AGB map> finished.
Cleaning up temporary files...
Starting GRASS GIS...
Cleaning up temporary files...
Executing <r.support map=test_lit_100m title=Litter Carbon map units=Mg/ha description=Derived from AGB map> ...
ERROR: Raster map <test_lit_100m> not found in current mapset
Execution of <r.support map=test_lit_100m title=Litter Carbon map units=Mg/ha description=Derived from AGB map> finished.
Cleaning up temporary files...
---------------------------------------------------
compute_dwb_lit.sh executed in 7772 seconds
---------------------------------------------------
Tue Nov 16 16:14:39 CET 2021
PROCEDURE COMPLETED. Script process_dwb_lit.sh executed in 129 minutes
