-----------------------------------------------------------------------------------
--- Script csv_load.sh started at Thu Jan 20 12:08:55 CET 2022
-----------------------------------------------------------------------------------
Importing AGC...
DROP TABLE
CREATE TABLE
COPY 561292
Importing BGC...
DROP TABLE
CREATE TABLE
COPY 561292
Importing DW...
DROP TABLE
CREATE TABLE
COPY 561292
Importing LIT...
DROP TABLE
CREATE TABLE
COPY 561292
Importing GSOC...
DROP TABLE
CREATE TABLE
COPY 561287
Importing TOTAL C...
DROP TABLE
CREATE TABLE
COPY 561292
---------------------------------------------------------------------------------------
Script csv_load.sh ended at Thu Jan 20 12:09:13 CET 2022
---------------------------------------------------------------------------------------
Stats on CEP and  computed in 0 minutes using  cores 
---------------------------------------------------------------------------------------
