Wed Feb  2 14:14:36 CET 2022
Starting GRASS GIS...
Cleaning up temporary files...
Executing <./process_lc.sh> ...
Execution of <./process_lc.sh> finished.
Cleaning up temporary files...
Starting GRASS GIS...
Cleaning up temporary files...
Executing <r.external input=/globes/USERS/GIACOMO/ORIGINAL_DATASETS/WGS84LL/OilPalm/oilpalm.vrt output=oilpalm> ...
ERROR: option <output>: <oilpalm> exists. To overwrite, use the --overwrite flag
Execution of <r.external input=/globes/USERS/GIACOMO/ORIGINAL_DATASETS/WGS84LL/OilPalm/oilpalm.vrt output=oilpalm> finished.
Cleaning up temporary files...
Starting GRASS GIS...
Cleaning up temporary files...
Executing <./process_oilpalm.sh> ...
Execution of <./process_oilpalm.sh> finished.
Cleaning up temporary files...
---------------------------------------------------
oilpalm processed in 1522 seconds
---------------------------------------------------
Wed Feb  2 15:13:05 CET 2022
PROCEDURE COMPLETED. Script process_forest_mask.sh executed in 58 minutes
