Fri Jul  4 10:52:54 AM CEST 2025
 
Script process_forest_mask.sh started at Fri Jul  4 10:52:54 AM CEST 2025                                        
----------------------------------------------------------------------------------
 
0...10...20...30...40...50...60...70...80...90...100 - done.
Mangroves rasterized. 1=mangroves, 0=no mangroves
90 degree north is exceeded by 0.494022 cells
90 degree south is exceeded by 0.505978 cells
360 degree EW extent is exceeded by 2 cells (East: 180.001, West: -180.001)
Reading band 1 of 1...
Link to raster map <mangrove_2020> created.
Removing raster <delete_me>
---------------------------------------------------
mangroves processed in 1751622246 seconds
---------------------------------------------------
---------------------------------------------------
final forest mask computed in 1751626020 seconds
---------------------------------------------------
Fri Jul  4 12:47:00 PM CEST 2025
-----------------------------------------------------------------------------
PROCEDURE COMPLETED. Script process_forest_mask.sh executed in 114 minutes
