Starting GRASS GIS...
Cleaning up temporary files...
Executing <./compute_coeffs_layer.sh> ...
Execution of <./compute_coeffs_layer.sh> finished.
Cleaning up temporary files...
Starting GRASS GIS...
Cleaning up temporary files...
Executing <./compute_dwb_lit.sh> ...
Execution of <./compute_dwb_lit.sh> finished.
Cleaning up temporary files...
Starting GRASS GIS...
Cleaning up temporary files...
Executing <r.support map=dw_biomass_100m title=Dead Wood Biomass map units=Mg/ha description=Derived from AGB map> ...
ERROR: Raster map <dw_biomass_100m> not found in current mapset
Execution of <r.support map=dw_biomass_100m title=Dead Wood Biomass map units=Mg/ha description=Derived from AGB map> finished.
Cleaning up temporary files...
Starting GRASS GIS...
Cleaning up temporary files...
Executing <r.support map=lit_biomass_100m title=Litter Biomass map units=Mg/ha description=Derived from AGB map> ...
Execution of <r.support map=lit_biomass_100m title=Litter Biomass map units=Mg/ha description=Derived from AGB map> finished.
Cleaning up temporary files...
syntax error
Parse error
ERROR: parse error
syntax error
Parse error
ERROR: parse error
ERROR: Raster map <dw_biomass_100m> not found in current mapset
ERROR: Raster map <lit_biomass_100m> not found in current mapset
syntax error
Parse error
ERROR: parse error
syntax error
Parse error
ERROR: parse error
ERROR: Raster map <dw_biomass_100m> not found in current mapset
ERROR: Raster map <lit_biomass_100m> not found in current mapset
ERROR: Raster map <dw_biomass_100m> not found in current mapset
ERROR: Raster map <dwb2022_100m> not found in current mapset
