Thu Sep  7 10:02:53 CEST 2023
Starting GRASS GIS...
Cleaning up temporary files...
Executing <g.mapsets operation=add mapset=CONRASTERS,CATRASTERS> ...
Mapset <CONRASTERS> already in the path
Mapset <CATRASTERS> already in the path
Search path not modified
Execution of <g.mapsets operation=add mapset=CONRASTERS,CATRASTERS> finished.
Cleaning up temporary files...
Annual precipitation reclassed and merged
---------------------------------------------------
compute_prec.sh executed in 4412 seconds
---------------------------------------------------
---------------------------------------------------
compute_elev.sh executed in 1386 seconds
---------------------------------------------------
---------------------------------------------------
compute_gez.sh executed in 0 seconds
---------------------------------------------------
---------------------------------------------------
compute_cross_gep.sh executed in 4263 seconds
---------------------------------------------------
---------------------------------------------------
compute_dwb_lit.sh executed in 6863 seconds
---------------------------------------------------
Thu Sep  7 14:44:57 CEST 2023
PROCEDURE COMPLETED. Script process_dwb_lit.sh executed in 282 minutes
